[INFO] [2017-07-12 14:08:39][org.springframework.web.context.ContextLoader]Root WebApplicationContext: initialization started
[INFO] [2017-07-12 14:08:39][org.springframework.web.context.support.XmlWebApplicationContext]Refreshing Root WebApplicationContext: startup date [Wed Jul 12 14:08:39 CST 2017]; root of context hierarchy
[INFO] [2017-07-12 14:08:39][org.springframework.beans.factory.xml.XmlBeanDefinitionReader]Loading XML bean definitions from class path resource [spring-mybatis.xml]
[INFO] [2017-07-12 14:08:39][org.springframework.beans.factory.config.PropertyPlaceholderConfigurer]Loading properties file from class path resource [jdbc.properties]
[INFO] [2017-07-12 14:08:39][org.springframework.beans.factory.annotation.AutowiredAnnotationBeanPostProcessor]JSR-330 'javax.inject.Inject' annotation found and supported for autowiring
[INFO] [2017-07-12 14:08:40][org.springframework.web.context.ContextLoader]Root WebApplicationContext: initialization completed in 503 ms
[INFO] [2017-07-12 14:08:40][org.springframework.web.servlet.DispatcherServlet]FrameworkServlet 'SpringMVC': initialization started
[INFO] [2017-07-12 14:08:40][org.springframework.web.context.support.XmlWebApplicationContext]Refreshing WebApplicationContext for namespace 'SpringMVC-servlet': startup date [Wed Jul 12 14:08:40 CST 2017]; parent: Root WebApplicationContext
[INFO] [2017-07-12 14:08:40][org.springframework.beans.factory.xml.XmlBeanDefinitionReader]Loading XML bean definitions from class path resource [spring-mvc.xml]
[INFO] [2017-07-12 14:08:40][org.springframework.beans.factory.annotation.AutowiredAnnotationBeanPostProcessor]JSR-330 'javax.inject.Inject' annotation found and supported for autowiring
[INFO] [2017-07-12 14:08:40][org.springframework.web.servlet.mvc.method.annotation.RequestMappingHandlerMapping]Mapped "{[/user/login],methods=[GET],params=[],headers=[],consumes=[],produces=[],custom=[]}" onto public java.lang.String com.ssm.controller.UserController.login(java.lang.String,java.lang.String)
[INFO] [2017-07-12 14:08:40][org.springframework.web.servlet.DispatcherServlet]FrameworkServlet 'SpringMVC': initialization completed in 408 ms
[INFO] [2017-07-12 14:27:33][org.springframework.web.context.ContextLoader]Root WebApplicationContext: initialization started
[INFO] [2017-07-12 14:27:33][org.springframework.web.context.support.XmlWebApplicationContext]Refreshing Root WebApplicationContext: startup date [Wed Jul 12 14:27:33 CST 2017]; root of context hierarchy
[INFO] [2017-07-12 14:27:33][org.springframework.beans.factory.xml.XmlBeanDefinitionReader]Loading XML bean definitions from class path resource [spring-mybatis.xml]
[INFO] [2017-07-12 14:27:33][org.springframework.beans.factory.config.PropertyPlaceholderConfigurer]Loading properties file from class path resource [jdbc.properties]
[INFO] [2017-07-12 14:27:33][org.springframework.beans.factory.annotation.AutowiredAnnotationBeanPostProcessor]JSR-330 'javax.inject.Inject' annotation found and supported for autowiring
[INFO] [2017-07-12 14:27:33][org.springframework.web.context.ContextLoader]Root WebApplicationContext: initialization completed in 517 ms
[INFO] [2017-07-12 14:27:33][org.springframework.web.servlet.DispatcherServlet]FrameworkServlet 'SpringMVC': initialization started
[INFO] [2017-07-12 14:27:33][org.springframework.web.context.support.XmlWebApplicationContext]Refreshing WebApplicationContext for namespace 'SpringMVC-servlet': startup date [Wed Jul 12 14:27:33 CST 2017]; parent: Root WebApplicationContext
[INFO] [2017-07-12 14:27:33][org.springframework.beans.factory.xml.XmlBeanDefinitionReader]Loading XML bean definitions from class path resource [spring-mvc.xml]
[INFO] [2017-07-12 14:27:33][org.springframework.beans.factory.annotation.AutowiredAnnotationBeanPostProcessor]JSR-330 'javax.inject.Inject' annotation found and supported for autowiring
[INFO] [2017-07-12 14:27:33][org.springframework.web.servlet.mvc.method.annotation.RequestMappingHandlerMapping]Mapped "{[/user/login],methods=[GET],params=[],headers=[],consumes=[],produces=[],custom=[]}" onto public org.springframework.web.servlet.ModelAndView com.ssm.controller.UserController.login(java.lang.String,java.lang.String)
[INFO] [2017-07-12 14:27:34][org.springframework.web.servlet.DispatcherServlet]FrameworkServlet 'SpringMVC': initialization completed in 392 ms
[INFO] [2017-07-12 14:29:18][org.springframework.web.context.ContextLoader]Root WebApplicationContext: initialization started
[INFO] [2017-07-12 14:29:18][org.springframework.web.context.support.XmlWebApplicationContext]Refreshing Root WebApplicationContext: startup date [Wed Jul 12 14:29:18 CST 2017]; root of context hierarchy
[INFO] [2017-07-12 14:29:18][org.springframework.beans.factory.xml.XmlBeanDefinitionReader]Loading XML bean definitions from class path resource [spring-mybatis.xml]
[INFO] [2017-07-12 14:29:18][org.springframework.beans.factory.config.PropertyPlaceholderConfigurer]Loading properties file from class path resource [jdbc.properties]
[INFO] [2017-07-12 14:29:18][org.springframework.beans.factory.annotation.AutowiredAnnotationBeanPostProcessor]JSR-330 'javax.inject.Inject' annotation found and supported for autowiring
[INFO] [2017-07-12 14:29:18][org.springframework.web.context.ContextLoader]Root WebApplicationContext: initialization completed in 514 ms
[INFO] [2017-07-12 14:29:18][org.springframework.web.servlet.DispatcherServlet]FrameworkServlet 'SpringMVC': initialization started
[INFO] [2017-07-12 14:29:18][org.springframework.web.context.support.XmlWebApplicationContext]Refreshing WebApplicationContext for namespace 'SpringMVC-servlet': startup date [Wed Jul 12 14:29:18 CST 2017]; parent: Root WebApplicationContext
[INFO] [2017-07-12 14:29:18][org.springframework.beans.factory.xml.XmlBeanDefinitionReader]Loading XML bean definitions from class path resource [spring-mvc.xml]
[INFO] [2017-07-12 14:29:18][org.springframework.beans.factory.annotation.AutowiredAnnotationBeanPostProcessor]JSR-330 'javax.inject.Inject' annotation found and supported for autowiring
[INFO] [2017-07-12 14:29:18][org.springframework.web.servlet.mvc.method.annotation.RequestMappingHandlerMapping]Mapped "{[/user/login],methods=[GET],params=[],headers=[],consumes=[],produces=[],custom=[]}" onto public org.springframework.web.servlet.ModelAndView com.ssm.controller.UserController.login(java.lang.String,java.lang.String)
[INFO] [2017-07-12 14:29:19][org.springframework.web.servlet.DispatcherServlet]FrameworkServlet 'SpringMVC': initialization completed in 406 ms
